cc train.c -o train -O3 -Wall -W -ffast-math -lm
In file included from train.c:1:
./common.h:98:13: warning: unused function 'board_to_inputs' [-Wunused-function]
   98 | static void board_to_inputs(GameState *state, float *inputs) {
      |             ^~~~~~~~~~~~~~~
./common.h:270:12: warning: unused function 'get_computer_move' [-Wunused-function]
  270 | static int get_computer_move(GameState *state, NeuralNetwork *nn, int display_prob) {
      |            ^~~~~~~~~~~~~~~~~
./common.h:274:13: warning: unused function 'display_board' [-Wunused-function]
  274 | static void display_board(GameState *state) {
      |             ^~~~~~~~~~~~~
./common.h:323:12: warning: unused function 'load_neural_network' [-Wunused-function]
  323 | static int load_neural_network(NeuralNetwork *nn, const char *filename) {
      |            ^~~~~~~~~~~~~~~~~~~
4 warnings generated.
cc play.c -o play -O3 -Wall -W -ffast-math -lm
In file included from play.c:1:
./common.h:61:14: warning: unused function 'relu_derivative' [-Wunused-function]
   61 | static float relu_derivative(float x) {
      |              ^~~~~~~~~~~~~~~
./common.h:98:13: warning: unused function 'board_to_inputs' [-Wunused-function]
   98 | static void board_to_inputs(GameState *state, float *inputs) {
      |             ^~~~~~~~~~~~~~~
./common.h:224:12: warning: unused function 'get_random_move' [-Wunused-function]
  224 | static int get_random_move(GameState *state) {
      |            ^~~~~~~~~~~~~~~
./common.h:294:12: warning: unused function 'save_neural_network' [-Wunused-function]
  294 | static int save_neural_network(NeuralNetwork *nn, const char *filename) {
      |            ^~~~~~~~~~~~~~~~~~~
4 warnings generated.
