cc train.c -o train -O3 -Wall -W -ffast-math -lm
In file included from train.c:1:
./common.h:94:13: warning: unused function 'board_to_inputs' [-Wunused-function]
   94 | static void board_to_inputs(GameState *state, float *inputs) {
      |             ^~~~~~~~~~~~~~~
./common.h:256:12: warning: unused function 'get_computer_move' [-Wunused-function]
  256 | static int get_computer_move(GameState *state, NeuralNetwork *nn, int display_prob) {
      |            ^~~~~~~~~~~~~~~~~
./common.h:260:13: warning: unused function 'display_board' [-Wunused-function]
  260 | static void display_board(GameState *state) {
      |             ^~~~~~~~~~~~~
./common.h:306:12: warning: unused function 'load_neural_network' [-Wunused-function]
  306 | static int load_neural_network(NeuralNetwork *nn, const char *filename) {
      |            ^~~~~~~~~~~~~~~~~~~
4 warnings generated.
cc play.c -o play -O3 -Wall -W -ffast-math -lm
In file included from play.c:1:
./common.h:57:14: warning: unused function 'relu_derivative' [-Wunused-function]
   57 | static float relu_derivative(float x) {
      |              ^~~~~~~~~~~~~~~
./common.h:94:13: warning: unused function 'board_to_inputs' [-Wunused-function]
   94 | static void board_to_inputs(GameState *state, float *inputs) {
      |             ^~~~~~~~~~~~~~~
./common.h:210:12: warning: unused function 'get_random_move' [-Wunused-function]
  210 | static int get_random_move(GameState *state) {
      |            ^~~~~~~~~~~~~~~
./common.h:280:12: warning: unused function 'save_neural_network' [-Wunused-function]
  280 | static int save_neural_network(NeuralNetwork *nn, const char *filename) {
      |            ^~~~~~~~~~~~~~~~~~~
4 warnings generated.
