Pretraining tactical patterns with 300000 synthetic examples...
Tactical pretraining complete: attack samples=100000, defense samples=200000
Training neural network with 1000 games
Mode: mixed
Mixed training: 500 random games + 500 self-play games
Training against random player for 500 games...
Random games: 100, Wins: 100, Losses: 0, Ties: 0
Random games: 200, Wins: 97, Losses: 3, Ties: 0
Random games: 300, Wins: 99, Losses: 1, Ties: 0
Random games: 400, Wins: 99, Losses: 1, Ties: 0
Random games: 500, Wins: 96, Losses: 4, Ties: 0
Training with self-play for 500 games...
Self-play games: 100, X wins: 45, O wins: 55, Ties: 0
Self-play games: 200, X wins: 55, O wins: 45, Ties: 0
Self-play games: 300, X wins: 33, O wins: 67, Ties: 0
Self-play games: 400, X wins: 50, O wins: 50, Ties: 0
Self-play games: 500, X wins: 51, O wins: 49, Ties: 0
Final tactical fine-tuning with 300000 synthetic examples...
Pretraining tactical patterns with 300000 synthetic examples...
Tactical pretraining complete: attack samples=100000, defense samples=200000
Fine-tuning from human game data: ../run_logs/human_games.csv for 30 epochs
Human fine-tune epoch 1/30, samples used: 58
Human fine-tune epoch 10/30, samples used: 58
Human fine-tune epoch 20/30, samples used: 58
Human fine-tune epoch 30/30, samples used: 58
Human data fine-tuning complete. Total supervised updates: 1740
Neural network saved to gomoku_human_finetuned.bin
