Pretraining tactical patterns with 50000 synthetic examples...
Tactical pretraining complete: attack samples=16667, defense samples=33333
Training neural network with 5000 games
Mode: mixed
Mixed training: 2500 random games + 2500 self-play games
Training against random player for 2500 games...
Random games: 500, Wins: 488, Losses: 12, Ties: 0
Random games: 1000, Wins: 490, Losses: 10, Ties: 0
Random games: 1500, Wins: 496, Losses: 4, Ties: 0
Random games: 2000, Wins: 498, Losses: 2, Ties: 0
Random games: 2500, Wins: 500, Losses: 0, Ties: 0
Training with self-play for 2500 games...
Self-play games: 500, X wins: 239, O wins: 261, Ties: 0
Self-play games: 1000, X wins: 164, O wins: 336, Ties: 0
Self-play games: 1500, X wins: 194, O wins: 306, Ties: 0
Self-play games: 2000, X wins: 209, O wins: 291, Ties: 0
Self-play games: 2500, X wins: 73, O wins: 427, Ties: 0
Final tactical fine-tuning with 50000 synthetic examples...
Pretraining tactical patterns with 50000 synthetic examples...
Tactical pretraining complete: attack samples=16667, defense samples=33333
Neural network saved to gomoku_nn.bin
